c:\serge\vanier\courses\247-404-va_advanced programming in c language\w15\labs\visual_studio_allegro\lab_intro_allegro\win32_project2\debug\serial_dcb.obj
c:\serge\vanier\courses\247-404-va_advanced programming in c language\w15\labs\visual_studio_allegro\lab_intro_allegro\win32_project2\debug\vc100.pdb
c:\serge\vanier\courses\247-404-va_advanced programming in c language\w15\labs\visual_studio_allegro\lab_intro_allegro\win32_project2\debug\movesquare -serial_rx2.obj
c:\serge\vanier\courses\247-404-va_advanced programming in c language\projects\visual_studio_allegro\lab_intro_allegro\win32_project2\debug\movesquare.obj
c:\serge\vanier\courses\247-404-va_advanced programming in c language\projects\visual_studio_allegro\lab_intro_allegro\win32_project2\debug\vc100.pdb
c:\serge\vanier\courses\247-404-va_advanced programming in c language\projects\visual_studio_allegro\lab_intro_allegro\win32_project2\debug\main.obj
c:\serge\vanier\courses\247-404-va_advanced programming in c language\projects\visual_studio_allegro\lab_intro_allegro\win32_project2\debug\lab1_main.obj
c:\serge\vanier\courses\247-404-va_advanced programming in c language\w15\labs\visual_studio_allegro\lab_intro_allegro\debug\win32_project2.ilk
c:\serge\vanier\courses\247-404-va_advanced programming in c language\w15\labs\visual_studio_allegro\lab_intro_allegro\debug\win32_project2.exe
c:\serge\vanier\courses\247-404-va_advanced programming in c language\w15\labs\visual_studio_allegro\lab_intro_allegro\win32_project2\debug\win32_project2.exe.intermediate.manifest
c:\serge\vanier\courses\247-404-va_advanced programming in c language\w15\labs\visual_studio_allegro\lab_intro_allegro\debug\win32_project2.pdb
c:\serge\vanier\courses\247-404-va_advanced programming in c language\projects\visual_studio_allegro\lab_intro_allegro\debug\win32_project2.ilk
c:\serge\vanier\courses\247-404-va_advanced programming in c language\projects\visual_studio_allegro\lab_intro_allegro\debug\win32_project2.exe
c:\serge\vanier\courses\247-404-va_advanced programming in c language\projects\visual_studio_allegro\lab_intro_allegro\win32_project2\debug\win32_project2.exe.intermediate.manifest
c:\serge\vanier\courses\247-404-va_advanced programming in c language\projects\visual_studio_allegro\lab_intro_allegro\debug\win32_project2.pdb
c:\serge\vanier\courses\247-404-va_advanced programming in c language\w15\labs\visual_studio_allegro\lab_intro_allegro\win32_project2\debug\win32_project2.exe.embed.manifest
c:\serge\vanier\courses\247-404-va_advanced programming in c language\w15\labs\visual_studio_allegro\lab_intro_allegro\win32_project2\debug\win32_project2.exe.embed.manifest.res
c:\serge\vanier\courses\247-404-va_advanced programming in c language\projects\visual_studio_allegro\lab_intro_allegro\win32_project2\debug\win32_project2.exe.embed.manifest.res
c:\serge\vanier\courses\247-308-va advanced embedded systems programming\projects\visual_studio_allegro\lab1_vs_2019\win32_project2\debug\win32_project2.vcxprojresolveassemblyreference.cache
c:\serge\vanier\courses\247-308-va advanced embedded systems programming\projects\visual_studio_allegro\lab1_vs_2019\win32_project2\debug\lab1_main.obj
c:\serge\vanier\courses\247-308-va advanced embedded systems programming\projects\visual_studio_allegro\lab1_vs_2019\win32_project2\debug\main.obj
c:\serge\vanier\courses\247-308-va advanced embedded systems programming\projects\visual_studio_allegro\lab1_vs_2019\win32_project2\debug\movesquare -serial_rx2.obj
c:\serge\vanier\courses\247-308-va advanced embedded systems programming\projects\visual_studio_allegro\lab1_vs_2019\win32_project2\debug\movesquare.obj
c:\serge\vanier\courses\247-308-va advanced embedded systems programming\projects\visual_studio_allegro\lab1_vs_2019\win32_project2\debug\serial_dcb.obj
c:\serge\vanier\courses\247-308-va advanced embedded systems programming\projects\visual_studio_allegro\lab1_vs_2019\win32_project2\debug\cl.command.1.tlog
c:\serge\vanier\courses\247-308-va advanced embedded systems programming\projects\visual_studio_allegro\lab1_vs_2019\win32_project2\debug\cl.read.1.tlog
c:\serge\vanier\courses\247-308-va advanced embedded systems programming\projects\visual_studio_allegro\lab1_vs_2019\win32_project2\debug\cl.write.1.tlog
c:\serge\vanier\courses\247-308-va advanced embedded systems programming\projects\visual_studio_allegro\lab1_vs_2019\win32_project2\debug\link-cvtres.read.1.tlog
c:\serge\vanier\courses\247-308-va advanced embedded systems programming\projects\visual_studio_allegro\lab1_vs_2019\win32_project2\debug\link-cvtres.write.1.tlog
c:\serge\vanier\courses\247-308-va advanced embedded systems programming\projects\visual_studio_allegro\lab1_vs_2019\win32_project2\debug\link.10780-cvtres.read.1.tlog
c:\serge\vanier\courses\247-308-va advanced embedded systems programming\projects\visual_studio_allegro\lab1_vs_2019\win32_project2\debug\link.10780-cvtres.write.1.tlog
c:\serge\vanier\courses\247-308-va advanced embedded systems programming\projects\visual_studio_allegro\lab1_vs_2019\win32_project2\debug\link.10780.read.1.tlog
c:\serge\vanier\courses\247-308-va advanced embedded systems programming\projects\visual_studio_allegro\lab1_vs_2019\win32_project2\debug\link.10780.write.1.tlog
c:\serge\vanier\courses\247-308-va advanced embedded systems programming\projects\visual_studio_allegro\lab1_vs_2019\win32_project2\debug\link.14076-cvtres.read.1.tlog
c:\serge\vanier\courses\247-308-va advanced embedded systems programming\projects\visual_studio_allegro\lab1_vs_2019\win32_project2\debug\link.14076-cvtres.write.1.tlog
c:\serge\vanier\courses\247-308-va advanced embedded systems programming\projects\visual_studio_allegro\lab1_vs_2019\win32_project2\debug\link.14076.read.1.tlog
c:\serge\vanier\courses\247-308-va advanced embedded systems programming\projects\visual_studio_allegro\lab1_vs_2019\win32_project2\debug\link.14076.write.1.tlog
c:\serge\vanier\courses\247-308-va advanced embedded systems programming\projects\visual_studio_allegro\lab1_vs_2019\win32_project2\debug\link.16520-cvtres.read.1.tlog
c:\serge\vanier\courses\247-308-va advanced embedded systems programming\projects\visual_studio_allegro\lab1_vs_2019\win32_project2\debug\link.16520-cvtres.write.1.tlog
c:\serge\vanier\courses\247-308-va advanced embedded systems programming\projects\visual_studio_allegro\lab1_vs_2019\win32_project2\debug\link.16520.read.1.tlog
c:\serge\vanier\courses\247-308-va advanced embedded systems programming\projects\visual_studio_allegro\lab1_vs_2019\win32_project2\debug\link.16520.write.1.tlog
c:\serge\vanier\courses\247-308-va advanced embedded systems programming\projects\visual_studio_allegro\lab1_vs_2019\win32_project2\debug\link.2476-cvtres.read.1.tlog
c:\serge\vanier\courses\247-308-va advanced embedded systems programming\projects\visual_studio_allegro\lab1_vs_2019\win32_project2\debug\link.2476-cvtres.write.1.tlog
c:\serge\vanier\courses\247-308-va advanced embedded systems programming\projects\visual_studio_allegro\lab1_vs_2019\win32_project2\debug\link.2476.read.1.tlog
c:\serge\vanier\courses\247-308-va advanced embedded systems programming\projects\visual_studio_allegro\lab1_vs_2019\win32_project2\debug\link.2476.write.1.tlog
c:\serge\vanier\courses\247-308-va advanced embedded systems programming\projects\visual_studio_allegro\lab1_vs_2019\win32_project2\debug\link.4112-cvtres.read.1.tlog
c:\serge\vanier\courses\247-308-va advanced embedded systems programming\projects\visual_studio_allegro\lab1_vs_2019\win32_project2\debug\link.4112-cvtres.write.1.tlog
c:\serge\vanier\courses\247-308-va advanced embedded systems programming\projects\visual_studio_allegro\lab1_vs_2019\win32_project2\debug\link.4112.read.1.tlog
c:\serge\vanier\courses\247-308-va advanced embedded systems programming\projects\visual_studio_allegro\lab1_vs_2019\win32_project2\debug\link.4112.write.1.tlog
c:\serge\vanier\courses\247-308-va advanced embedded systems programming\projects\visual_studio_allegro\lab1_vs_2019\win32_project2\debug\link.command.1.tlog
c:\serge\vanier\courses\247-308-va advanced embedded systems programming\projects\visual_studio_allegro\lab1_vs_2019\win32_project2\debug\link.read.1.tlog
c:\serge\vanier\courses\247-308-va advanced embedded systems programming\projects\visual_studio_allegro\lab1_vs_2019\win32_project2\debug\link.write.1.tlog
c:\serge\vanier\courses\247-308-va advanced embedded systems programming\projects\visual_studio_allegro\lab1_vs_2019\win32_project2\debug\mt.command.1.tlog
c:\serge\vanier\courses\247-308-va advanced embedded systems programming\projects\visual_studio_allegro\lab1_vs_2019\win32_project2\debug\mt.read.1.tlog
c:\serge\vanier\courses\247-308-va advanced embedded systems programming\projects\visual_studio_allegro\lab1_vs_2019\win32_project2\debug\mt.write.1.tlog
c:\serge\vanier\courses\247-308-va advanced embedded systems programming\projects\visual_studio_allegro\lab1_vs_2019\win32_project2\debug\rc.command.1.tlog
c:\serge\vanier\courses\247-308-va advanced embedded systems programming\projects\visual_studio_allegro\lab1_vs_2019\win32_project2\debug\rc.read.1.tlog
c:\serge\vanier\courses\247-308-va advanced embedded systems programming\projects\visual_studio_allegro\lab1_vs_2019\win32_project2\debug\rc.write.1.tlog
c:\serge\vanier\courses\247-308-va advanced embedded systems programming\projects\visual_studio_allegro\lab1_vs_2019\win32_project2\debug\win32_project2.write.1.tlog
c:\serge\vanier\courses\247-308-va advanced embedded systems programming\projects\visual_studio_allegro\lab1_vs_2019\win32_project2\debug\win32_project2.exe.embed.manifest
c:\serge\vanier\courses\247-308-va advanced embedded systems programming\projects\visual_studio_allegro\lab1_vs_2019\win32_project2\debug\win32_project2.exe.intermediate.manifest
c:\serge\vanier\courses\247-308-va advanced embedded systems programming\projects\visual_studio_allegro\lab1_vs_2019\win32_project2\debug\win32_project2.exe.embed.manifest.res
c:\serge\vanier\courses\247-308-va advanced embedded systems programming\projects\visual_studio_allegro\lab1_vs_2019\win32_project2\debug\vc100.idb
c:\serge\vanier\courses\247-308-va advanced embedded systems programming\projects\visual_studio_allegro\lab1_vs_2019\win32_project2\debug\vc100.pdb
c:\serge\vanier\courses\247-308-va advanced embedded systems programming\projects\visual_studio_allegro\lab1_vs_2019\win32_project2\debug\win32_project2_manifest.rc
c:\serge\vanier\courses\247-308-va advanced embedded systems programming\projects\visual_studio_allegro\lab1_vs_2019\debug\win32_project2.pdb
c:\serge\vanier\courses\247-308-va advanced embedded systems programming\projects\visual_studio_allegro\lab1_vs_2019\debug\win32_project2.exe
c:\serge\vanier\courses\247-308-va advanced embedded systems programming\projects\visual_studio_allegro\lab1_vs_2019\debug\win32_project2.ilk
